
=== Fri Mar 22 21:19:04 2019

Packages were changed.
Update Mode: mergeDefaultDependencies

The following packages were updated:
  com.unity.analytics from version 3.2.2 to 3.3.2
  com.unity.collab-proxy from version 1.2.9 to 1.2.15
  com.unity.timeline from version 0.0.0-builtin to 1.0.0

=== Wed Apr  3 21:45:20 2019

Packages were changed.
Update Mode: updateDependencies

The following packages were added:
  com.unity.2d.tilemap@1.0.0
  com.unity.2d.sprite@1.0.0
  com.unity.modules.androidjni@1.0.0
The following packages were updated:
  com.unity.collab-proxy from version 1.2.15 to 1.2.16
  com.unity.package-manager-ui from version 2.1.1 to 2.2.0
  com.unity.purchasing from version 2.0.1 to 2.0.6

=== Wed May  6 15:33:44 2020

Packages were changed.
Update Mode: updateDependencies

The following packages were added:
  com.unity.ide.rider@1.2.1
  com.unity.ide.visualstudio@2.0.0
  com.unity.ide.vscode@1.1.4
The following packages were updated:
  com.unity.ads from version 2.0.8 to 3.4.4
  com.unity.analytics from version 3.3.2 to 3.3.5
  com.unity.collab-proxy from version 1.2.16 to 1.3.7
  com.unity.textmeshpro from version 1.3.0 to 3.0.0-preview.1
  com.unity.timeline from version 1.0.0 to 1.2.6
The following packages were removed:
  com.unity.package-manager-ui@2.2.0

=== Sat Feb 27 13:00:20 2021

Packages were changed.
Update Mode: updateDependencies

The following packages were updated:
  com.unity.ads from version 3.4.4 to 3.5.2
  com.unity.analytics from version 3.3.5 to 3.5.3
  com.unity.collab-proxy from version 1.3.7 to 1.3.9
  com.unity.ide.visualstudio from version 2.0.0 to 2.0.5
  com.unity.ide.vscode from version 1.1.4 to 1.2.3
  com.unity.purchasing from version 2.0.6 to 2.1.1
  com.unity.textmeshpro from version 3.0.0-preview.1 to 3.0.1
